        -:    0:Source:C:/Users/HP/CLionProjects/ProiectPP/Clase/Comanda.cpp
        -:    0:Graph:C:\Users\HP\CLionProjects\ProiectPP\cmake-build-debug-coverage\CMakeFiles\ProiectPP.dir\Clase\Comanda.cpp.gcno
        -:    0:Data:C:\Users\HP\CLionProjects\ProiectPP\cmake-build-debug-coverage\CMakeFiles\ProiectPP.dir\Clase\Comanda.cpp.gcda
        -:    0:Runs:1
        -:    1://
        -:    2:// Created by HP on 30-May-22.
        -:    3://
        -:    4:#include<string>
        -:    5:#include "Comanda.h"
        -:    6:using namespace std;
        -:    7:
        -:    8:int Comanda::contor = 0;
        -:    9:
function _ZN7ComandaC2ENSt7__cxx1112basic_stringIcSt11char_traitsIcESaIcEEE called 0 returned 0% blocks executed 0%
    #####:   10:Comanda::Comanda(string nume) {
    %%%%%:   10-block  0
call    0 never executed
    #####:   11:    this->id = contor++;
    #####:   12:    this->nume = nume;
call    0 never executed
branch  1 never executed
branch  2 never executed
    #####:   13:}
    %%%%%:   13-block  0
    $$$$$:   13-block  1
call    0 never executed
        -:   14:
function _ZN7Comanda5getIdEv called 0 returned 0% blocks executed 0%
    #####:   15:int Comanda::getId() {
    #####:   16:    return this->id;
    %%%%%:   16-block  0
        -:   17:}
        -:   18:
function _ZN7Comanda19getProduseComandateB5cxx11E14CosCumparaturi called 0 returned 0% blocks executed 0%
    #####:   19:string Comanda::getProduseComandate(CosCumparaturi cos) {
    #####:   20:    string produse_ca_string;
    %%%%%:   20-block  0
call    0 never executed
    #####:   21:    for (auto produs : cos.getProduse()) {
call    0 never executed
branch  1 never executed
branch  2 never executed
    %%%%%:   21-block  0
call    3 never executed
call    4 never executed
    %%%%%:   21-block  1
call    5 never executed
call    6 never executed
branch  7 never executed
branch  8 never executed
call    9 never executed
    %%%%%:   21-block  2
call   10 never executed
branch 11 never executed
branch 12 never executed
    #####:   22:        produse_ca_string += produs.toString();
    %%%%%:   22-block  0
call    0 never executed
branch  1 never executed
branch  2 never executed
    %%%%%:   22-block  1
call    3 never executed
branch  4 never executed
branch  5 never executed
    %%%%%:   22-block  2
call    6 never executed
    $$$$$:   22-block  3
call    7 never executed
    $$$$$:   22-block  4
    #####:   23:    }
call    0 never executed
    %%%%%:   23-block  0
call    1 never executed
    $$$$$:   23-block  1
call    2 never executed
    $$$$$:   23-block  2
call    3 never executed
    #####:   24:}
call    0 never executed
    $$$$$:   24-block  0
call    1 never executed
