        -:    0:Source:C:/Users/HP/CLionProjects/ProiectPP/Clase/Data.cpp
        -:    0:Graph:C:\Users\HP\CLionProjects\ProiectPP\cmake-build-debug-coverage\CMakeFiles\ProiectPP.dir\Clase\Data.cpp.gcno
        -:    0:Data:C:\Users\HP\CLionProjects\ProiectPP\cmake-build-debug-coverage\CMakeFiles\ProiectPP.dir\Clase\Data.cpp.gcda
        -:    0:Runs:1
        -:    1://
        -:    2:// Created by HP on 30-May-22.
        -:    3://
        -:    4:
        -:    5:#include "Data.h"
        -:    6:#include <string>
        -:    7:using namespace std;
function _ZN4Data14getCurrentDateB5cxx11Ev called 0 returned 0% blocks executed 0%
    #####:    8:string Data::getCurrentDate() {
    #####:    9:    return "Zi: " + zi + " | Luna: " + luna + "| An: " + an;
    %%%%%:    9-block  0
call    0 never executed
call    1 never executed
branch  2 never executed
branch  3 never executed
    %%%%%:    9-block  1
call    4 never executed
branch  5 never executed
branch  6 never executed
    %%%%%:    9-block  2
call    7 never executed
branch  8 never executed
branch  9 never executed
    %%%%%:    9-block  3
call   10 never executed
branch 11 never executed
branch 12 never executed
    %%%%%:    9-block  4
call   13 never executed
call   14 never executed
call   15 never executed
call   16 never executed
    %%%%%:    9-block  5
    $$$$$:    9-block  6
call   17 never executed
    $$$$$:    9-block  7
    $$$$$:    9-block  8
call   18 never executed
    $$$$$:    9-block  9
    $$$$$:    9-block 10
call   19 never executed
    $$$$$:    9-block 11
    $$$$$:    9-block 12
call   20 never executed
        -:   10:}
