        -:    0:Source:C:/Users/HP/CLionProjects/ProiectPP/main2.cpp
        -:    0:Graph:C:\Users\HP\CLionProjects\ProiectPP\cmake-build-debug-coverage\CMakeFiles\ProiectPP.dir\main.cpp.gcno
        -:    0:Data:C:\Users\HP\CLionProjects\ProiectPP\cmake-build-debug-coverage\CMakeFiles\ProiectPP.dir\main.cpp.gcda
        -:    0:Runs:1
        -:    1://
        -:    2:// Created by HP on 30-May-22.
        -:    3://
        -:    4:#include <fstream>
        -:    5:#include <iostream>
        -:    6:#include <vector>
        -:    7:#include "Clase/Produs.h"
        -:    8:
        -:    9:vector<Produs> produse;
function _Z14citire_produsev called 7 returned 100% blocks executed 66%
        7:   10:void citire_produse(){
        7:   11:    ifstream fin("C:\\Users\\HP\\CLionProjects\\ProiectPP\\stoc.txt");
        7:   11-block  0
call    0 returned 7
branch  1 taken 7 (fallthrough)
branch  2 taken 0 (throw)
        7:   12:    string denumire;
        7:   12-block  0
call    0 returned 7
       30:   13:    while (getline(fin,denumire)){
       30:   13-block  0
call    0 returned 30
branch  1 taken 30 (fallthrough)
branch  2 taken 0 (throw)
       30:   13-block  1
call    3 returned 30
branch  4 taken 30 (fallthrough)
branch  5 taken 0 (throw)
       30:   13-block  2
branch  6 taken 23
branch  7 taken 7 (fallthrough)
        -:   14:        //fin.ignore();
        -:   15:        int cantitate;
       23:   16:        fin>>cantitate;
       23:   16-block  0
call    0 returned 23
branch  1 taken 23 (fallthrough)
branch  2 taken 0 (throw)
       23:   17:        fin.ignore();
       23:   17-block  0
call    0 returned 23
branch  1 taken 23 (fallthrough)
branch  2 taken 0 (throw)
        -:   18:        double pret;
       23:   19:        fin>>pret;
       23:   19-block  0
call    0 returned 23
branch  1 taken 23 (fallthrough)
branch  2 taken 0 (throw)
       23:   20:        fin.ignore();
       23:   20-block  0
call    0 returned 23
branch  1 taken 23 (fallthrough)
branch  2 taken 0 (throw)
       23:   21:        produse.push_back(Produs(denumire, cantitate, pret));
       23:   21-block  0
call    0 returned 23
branch  1 taken 23 (fallthrough)
branch  2 taken 0 (throw)
       23:   21-block  1
call    3 returned 23
branch  4 taken 23 (fallthrough)
branch  5 taken 0 (throw)
       23:   21-block  2
call    6 returned 23
branch  7 taken 23 (fallthrough)
branch  8 taken 0 (throw)
       23:   21-block  3
call    9 returned 23
call   10 returned 23
    $$$$$:   21-block  4
call   11 never executed
    $$$$$:   21-block  5
    $$$$$:   21-block  6
call   12 never executed
    $$$$$:   21-block  7
        -:   22:    }
        7:   23:    fin.close();
        7:   23-block  0
call    0 returned 7
branch  1 taken 7 (fallthrough)
branch  2 taken 0 (throw)
        7:   24:}
        7:   24-block  0
call    0 returned 7
call    1 returned 7
    $$$$$:   24-block  1
call    2 never executed
    $$$$$:   24-block  2
call    3 never executed
function _Z15afisare_produsev called 3 returned 100% blocks executed 90%
        3:   25:void afisare_produse()
        -:   26:{
        3:   27:    cout<<"Lista produse:"<<'\n';
        3:   27-block  0
call    0 returned 3
call    1 returned 3
       13:   28:    for(auto& produs:produse){
call    0 returned 3
call    1 returned 3
       10:   28-block  0
call    2 returned 10
       10:   28-block  1
call    3 returned 10
       13:   28-block  2
call    4 returned 13
branch  5 taken 10
branch  6 taken 3 (fallthrough)
       10:   29:        cout<<"\n";
call    0 returned 10
branch  1 taken 10 (fallthrough)
branch  2 taken 0 (throw)
       10:   30:        cout<<"Denumire: "<<produs.getDenumire()<<'\n';
       10:   30-block  0
call    0 returned 10
branch  1 taken 10 (fallthrough)
branch  2 taken 0 (throw)
       10:   30-block  1
call    3 returned 10
branch  4 taken 10 (fallthrough)
branch  5 taken 0 (throw)
       10:   30-block  2
call    6 returned 10
branch  7 taken 10 (fallthrough)
branch  8 taken 0 (throw)
       10:   30-block  3
call    9 returned 10
branch 10 taken 10 (fallthrough)
branch 11 taken 0 (throw)
       10:   30-block  4
call   12 returned 10
    $$$$$:   30-block  5
call   13 never executed
    $$$$$:   30-block  6
       10:   31:        cout<<"Cantitate: "<<produs.getCantitate()<<'\n';
call    0 returned 10
branch  1 taken 10 (fallthrough)
branch  2 taken 0 (throw)
       10:   31-block  0
call    3 returned 10
branch  4 taken 10 (fallthrough)
branch  5 taken 0 (throw)
       10:   31-block  1
call    6 returned 10
branch  7 taken 10 (fallthrough)
branch  8 taken 0 (throw)
       10:   31-block  2
call    9 returned 10
branch 10 taken 10 (fallthrough)
branch 11 taken 0 (throw)
       10:   32:        cout<<"Pret: "<<produs.getPret()<<'\n';
       10:   32-block  0
call    0 returned 10
branch  1 taken 10 (fallthrough)
branch  2 taken 0 (throw)
       10:   32-block  1
call    3 returned 10
branch  4 taken 10 (fallthrough)
branch  5 taken 0 (throw)
       10:   32-block  2
call    6 returned 10
branch  7 taken 10 (fallthrough)
branch  8 taken 0 (throw)
       10:   32-block  3
call    9 returned 10
branch 10 taken 10 (fallthrough)
branch 11 taken 0 (throw)
        -:   33:
        -:   34:
        -:   35:    }
        3:   36:    system("pause");
        3:   36-block  0
call    0 returned 3
        3:   37:    system("cls");
call    0 returned 3
        3:   38:}
function _Z16stergere_produsev called 1 returned 100% blocks executed 80%
        1:   39:int stergere_produse(){
        1:   40:    ofstream fout("C:\\Users\\HP\\CLionProjects\\ProiectPP\\stoc.txt",std::ios_base::out);
        1:   40-block  0
call    0 returned 1
branch  1 taken 1 (fallthrough)
branch  2 taken 0 (throw)
        1:   41:    string denumire;
        1:   41-block  0
call    0 returned 1
        -:   42:    int pozitie;
        -:   43:    //sterg produs din vector
        -:   44:    //reactualizare fisier
        1:   45:    cin.ignore();
call    0 returned 1
branch  1 taken 1 (fallthrough)
branch  2 taken 0 (throw)
        1:   46:    cout<<"Introduceti numele produsului pe care doriti sa il stergeti  ";
        1:   46-block  0
call    0 returned 1
branch  1 taken 1 (fallthrough)
branch  2 taken 0 (throw)
        1:   47:    getline(cin,denumire);
        1:   47-block  0
call    0 returned 1
branch  1 taken 1 (fallthrough)
branch  2 taken 0 (throw)
        4:   48:    for (auto it = begin (produse); it != end (produse); ++it){
        1:   48-block  0
call    0 returned 1
        3:   48-block  1
call    1 returned 3
        4:   48-block  2
call    2 returned 4
call    3 returned 4
branch  4 taken 4
branch  5 taken 0 (fallthrough)
        4:   49:        if(denumire == it->getDenumire()){
        4:   49-block  0
call    0 returned 4
call    1 returned 4
branch  2 taken 4 (fallthrough)
branch  3 taken 0 (throw)
        4:   49-block  1
call    4 returned 4
call    5 returned 4
branch  6 taken 1 (fallthrough)
branch  7 taken 3
        -:   50:            //int pozitie = it - produse.begin();
        1:   51:            produse.erase(it);
        1:   51-block  0
call    0 returned 1
call    1 returned 1
branch  2 taken 1 (fallthrough)
branch  3 taken 0 (throw)
    $$$$$:   51-block  1
        1:   52:            break;
        1:   52-block  0
        -:   53:        }
        -:   54:
        -:   55:    }
        4:   56:    for(auto& produs:produse){
        1:   56-block  0
call    0 returned 1
call    1 returned 1
        3:   56-block  1
call    2 returned 3
        4:   56-block  2
call    3 returned 4
branch  4 taken 3
branch  5 taken 1 (fallthrough)
        3:   57:        fout<<produs.getDenumire()<<'\n'<<produs.getCantitate()<<'\n'<<produs.getPret()<<'\n';
call    0 returned 3
branch  1 taken 3 (fallthrough)
branch  2 taken 0 (throw)
        3:   57-block  0
call    3 returned 3
branch  4 taken 3 (fallthrough)
branch  5 taken 0 (throw)
        3:   57-block  1
call    6 returned 3
branch  7 taken 3 (fallthrough)
branch  8 taken 0 (throw)
        3:   57-block  2
call    9 returned 3
branch 10 taken 3 (fallthrough)
branch 11 taken 0 (throw)
        3:   57-block  3
call   12 returned 3
branch 13 taken 3 (fallthrough)
branch 14 taken 0 (throw)
        3:   57-block  4
call   15 returned 3
branch 16 taken 3 (fallthrough)
branch 17 taken 0 (throw)
        3:   57-block  5
call   18 returned 3
branch 19 taken 3 (fallthrough)
branch 20 taken 0 (throw)
        3:   57-block  6
call   21 returned 3
branch 22 taken 3 (fallthrough)
branch 23 taken 0 (throw)
        3:   57-block  7
call   24 returned 3
branch 25 taken 3 (fallthrough)
branch 26 taken 0 (throw)
        3:   57-block  8
call   27 returned 3
call   28 returned 3
    $$$$$:   57-block  9
call   29 never executed
    $$$$$:   57-block 10
        -:   58:    }
        1:   59:    fout.close();
        1:   59-block  0
call    0 returned 1
branch  1 taken 1 (fallthrough)
branch  2 taken 0 (throw)
        1:   60:    system("pause");
        1:   60-block  0
call    0 returned 1
branch  1 taken 1 (fallthrough)
branch  2 taken 0 (throw)
        1:   61:    system("cls");
        1:   61-block  0
call    0 returned 1
branch  1 taken 1 (fallthrough)
branch  2 taken 0 (throw)
        1:   62:}
        1:   62-block  0
call    0 returned 1
call    1 returned 1
    $$$$$:   62-block  1
call    2 never executed
    $$$$$:   62-block  2
call    3 never executed
function _Z10modificarev called 1 returned 100% blocks executed 64%
        1:   63:void modificare(){
        1:   64:    ofstream fout("C:\\Users\\HP\\CLionProjects\\ProiectPP\\stoc.txt",std::ios_base::out);
        1:   64-block  0
call    0 returned 1
branch  1 taken 1 (fallthrough)
branch  2 taken 0 (throw)
        1:   65:    string denumire;
        1:   65-block  0
call    0 returned 1
        -:   66:    int pozitie;
        1:   67:    cin.ignore();
call    0 returned 1
branch  1 taken 1 (fallthrough)
branch  2 taken 0 (throw)
        -:   68:    //sterg produs din vector
        -:   69:    //reactualizare fisier
        1:   70:    cout<<"Introduceti numele produsului pe care doriti sa il modificati ";
        1:   70-block  0
call    0 returned 1
branch  1 taken 1 (fallthrough)
branch  2 taken 0 (throw)
        1:   71:    getline(cin,denumire);
        1:   71-block  0
call    0 returned 1
branch  1 taken 1 (fallthrough)
branch  2 taken 0 (throw)
        -:   72:    int alegere;
        1:   73:    cout<<"Pentru modificare cantitate apasati tasta 1\n";
        1:   73-block  0
call    0 returned 1
branch  1 taken 1 (fallthrough)
branch  2 taken 0 (throw)
        1:   74:    cout<<"Pentru modificare pret apasati tasta 2\n";
        1:   74-block  0
call    0 returned 1
branch  1 taken 1 (fallthrough)
branch  2 taken 0 (throw)
        1:   75:    cin>>alegere;
        1:   75-block  0
call    0 returned 1
branch  1 taken 1 (fallthrough)
branch  2 taken 0 (throw)
        1:   76:    if(alegere==1){
        1:   76-block  0
branch  0 taken 1 (fallthrough)
branch  1 taken 0
        -:   77:        //fac modificare cantitate
        -:   78:        int cantitate;
        1:   79:        cout<<"Introduceti cantitatea dorita: ";
        1:   79-block  0
call    0 returned 1
branch  1 taken 1 (fallthrough)
branch  2 taken 0 (throw)
        1:   80:        cin>>cantitate;
        1:   80-block  0
call    0 returned 1
branch  1 taken 1 (fallthrough)
branch  2 taken 0 (throw)
        4:   81:        for(auto& produs:produse){
        1:   81-block  0
call    0 returned 1
call    1 returned 1
        3:   81-block  1
call    2 returned 3
        3:   81-block  2
call    3 returned 3
        4:   81-block  3
call    4 returned 4
branch  5 taken 3
branch  6 taken 1 (fallthrough)
        3:   82:            if(produs.getDenumire()==denumire)
call    0 returned 3
branch  1 taken 3 (fallthrough)
branch  2 taken 0 (throw)
        3:   82-block  0
call    3 returned 3
call    4 returned 3
branch  5 taken 1 (fallthrough)
branch  6 taken 2
        1:   83:                produs.setCantitate(cantitate);
        1:   83-block  0
call    0 returned 1
branch  1 taken 1 (fallthrough)
branch  2 taken 0 (throw)
        -:   84:        }
        -:   85:
        -:   86:    } else{
        -:   87:        //fac modificare pret
        -:   88:        double pret;
    #####:   89:        cout<<"Introduceti pretul dorit: ";
    %%%%%:   89-block  0
call    0 never executed
branch  1 never executed
branch  2 never executed
    #####:   90:        cin>>pret;
    %%%%%:   90-block  0
call    0 never executed
branch  1 never executed
branch  2 never executed
    #####:   91:        for(auto& produs:produse){
    %%%%%:   91-block  0
call    0 never executed
call    1 never executed
    %%%%%:   91-block  1
call    2 never executed
    %%%%%:   91-block  2
call    3 never executed
    %%%%%:   91-block  3
call    4 never executed
branch  5 never executed
branch  6 never executed
    #####:   92:            if(produs.getDenumire()==denumire)
call    0 never executed
branch  1 never executed
branch  2 never executed
    %%%%%:   92-block  0
call    3 never executed
call    4 never executed
branch  5 never executed
branch  6 never executed
    #####:   93:                produs.setPret(pret);
    %%%%%:   93-block  0
call    0 never executed
branch  1 never executed
branch  2 never executed
        -:   94:        }
        -:   95:    }
        4:   96:    for(auto& produs:produse){
        1:   96-block  0
call    0 returned 1
call    1 returned 1
        3:   96-block  1
call    2 returned 3
        4:   96-block  2
call    3 returned 4
branch  4 taken 3
branch  5 taken 1 (fallthrough)
        3:   97:        fout<<produs.getDenumire()<<'\n'<<produs.getCantitate()<<'\n'<<produs.getPret()<<'\n';
call    0 returned 3
branch  1 taken 3 (fallthrough)
branch  2 taken 0 (throw)
        3:   97-block  0
call    3 returned 3
branch  4 taken 3 (fallthrough)
branch  5 taken 0 (throw)
        3:   97-block  1
call    6 returned 3
branch  7 taken 3 (fallthrough)
branch  8 taken 0 (throw)
        3:   97-block  2
call    9 returned 3
branch 10 taken 3 (fallthrough)
branch 11 taken 0 (throw)
        3:   97-block  3
call   12 returned 3
branch 13 taken 3 (fallthrough)
branch 14 taken 0 (throw)
        3:   97-block  4
call   15 returned 3
branch 16 taken 3 (fallthrough)
branch 17 taken 0 (throw)
        3:   97-block  5
call   18 returned 3
branch 19 taken 3 (fallthrough)
branch 20 taken 0 (throw)
        3:   97-block  6
call   21 returned 3
branch 22 taken 3 (fallthrough)
branch 23 taken 0 (throw)
        3:   97-block  7
call   24 returned 3
branch 25 taken 3 (fallthrough)
branch 26 taken 0 (throw)
        3:   97-block  8
call   27 returned 3
call   28 returned 3
    $$$$$:   97-block  9
call   29 never executed
    $$$$$:   97-block 10
        -:   98:    }
        1:   99:    fout.close();
        1:   99-block  0
call    0 returned 1
branch  1 taken 1 (fallthrough)
branch  2 taken 0 (throw)
        1:  100:    system("pause");
        1:  100-block  0
call    0 returned 1
branch  1 taken 1 (fallthrough)
branch  2 taken 0 (throw)
        1:  101:    system("cls");
        1:  101-block  0
call    0 returned 1
branch  1 taken 1 (fallthrough)
branch  2 taken 0 (throw)
        1:  102:}
        1:  102-block  0
call    0 returned 1
call    1 returned 1
    $$$$$:  102-block  1
call    2 never executed
    $$$$$:  102-block  2
call    3 never executed
        -:  103:
        -:  104:/*
        -:  105:int main(){
        -:  106:    citire_produse();
        -:  107:    afisare_produse();
        -:  108:    //stergere_produse();
        -:  109:    modificare();
        -:  110:    afisare_produse();
        -:  111:}*/
